[INFO ] 2023-08-01 18:59:14.197 [main] Utilities - Properties file load completed.
[INFO ] 2023-08-01 18:59:14.200 [main] Utilities - FileInputStream closed
[INFO ] 2023-08-01 18:59:14.334 [main] GenericWrappers - Test Suite execution started.
[INFO ] 2023-08-01 18:59:14.335 [main] GenericWrappers - chrome browser initiation started...
[INFO ] 2023-08-01 19:00:05.270 [main] GenericWrappers - Chrome browser invoked.
[INFO ] 2023-08-01 19:00:05.409 [main] GenericWrappers - Browser window maximized.
[INFO ] 2023-08-01 19:00:10.398 [main] CustomTestListener - CustomTestListener onFinish method overriding started.
[INFO ] 2023-08-01 19:00:10.915 [main] CustomTestListener - CustomTestListener onFinish method overriding ended.
[INFO ] 2023-08-01 19:00:10.973 [main] CustomTestListener - CustomTestListener onTestStart method overriding started.
[INFO ] 2023-08-01 19:00:10.978 [main] CustomTestListener - CustomTestListener onTestStart method overriding started.
[INFO ] 2023-08-01 19:00:10.981 [main] CustomTestListener - CustomTestListener onTestStart method overriding started.
[INFO ] 2023-08-01 19:00:10.981 [main] CustomTestListener - CustomTestListener onTestStart method overriding started.
[INFO ] 2023-08-01 19:00:10.986 [main] CustomTestListener - CustomTestListener onTestStart method overriding started.
[INFO ] 2023-08-01 19:00:10.986 [main] CustomTestListener - CustomTestListener onTestStart method overriding started.
[INFO ] 2023-08-01 19:00:10.987 [main] CustomTestListener - CustomTestListener onFinish method overriding started.
[INFO ] 2023-08-01 19:00:11.039 [main] CustomTestListener - CustomTestListener onFinish method overriding ended.
[INFO ] 2023-08-01 19:00:11.052 [main] CustomReportListener - CustomReportListener execution started.
[INFO ] 2023-08-01 19:00:11.052 [main] CustomReportListener - Overriding generateReport method.
[INFO ] 2023-08-01 19:00:11.071 [main] CustomReportListener - Forcing system to generate reports before the complete execution ends.
[INFO ] 2023-08-01 19:00:11.097 [main] Utilities - Properties file load completed.
[INFO ] 2023-08-01 19:00:11.098 [main] Utilities - FileInputStream closed
[INFO ] 2023-08-01 19:00:11.098 [main] CustomReportListener - calling method to send email.
[INFO ] 2023-08-01 19:00:11.098 [main] SendEmail - Entering sendEmail() method
[INFO ] 2023-08-01 19:00:11.098 [main] SendEmail - Automated Email feature is turned off.
[INFO ] 2023-08-01 19:00:11.098 [main] SendEmail - sendEmail() method ended.
[INFO ] 2023-08-01 19:08:38.375 [main] Utilities - Properties file load completed.
[INFO ] 2023-08-01 19:08:38.383 [main] Utilities - FileInputStream closed
[INFO ] 2023-08-01 19:08:38.557 [main] GenericWrappers - Test Suite execution started.
[INFO ] 2023-08-01 19:08:38.557 [main] GenericWrappers - chrome browser initiation started...
[INFO ] 2023-08-01 19:08:42.339 [main] GenericWrappers - Chrome browser invoked.
[INFO ] 2023-08-01 19:08:42.484 [main] GenericWrappers - Browser window maximized.
[INFO ] 2023-08-01 19:08:43.608 [main] GenericWrappers - Opening URL http://localhost:8081/login.html?profile=Responsive
[INFO ] 2023-08-01 19:08:45.337 [main] ExcelColumnClear - Values in the 'Test Execution Status' column cleared successfully.
[INFO ] 2023-08-01 19:08:45.343 [main] ExcelColumnClear - Values in the 'Executed Date' column cleared successfully.
[INFO ] 2023-08-01 19:08:45.350 [main] ExcelColumnClear - Values in the 'Comments' column cleared successfully.
[INFO ] 2023-08-01 19:08:45.858 [main] CustomTestListener - CustomTestListener onFinish method overriding started.
[INFO ] 2023-08-01 19:08:46.398 [main] CustomTestListener - CustomTestListener onFinish method overriding ended.
[INFO ] 2023-08-01 19:08:46.460 [main] CustomTestListener - CustomTestListener onTestStart method overriding started.
[INFO ] 2023-08-01 19:08:46.467 [main] CustomTestListener - CustomTestListener onTestStart method overriding started.
[INFO ] 2023-08-01 19:08:46.468 [main] TC001LogIn - TC001LogIn test case execution started.
[INFO ] 2023-08-01 19:08:46.471 [main] Utilities - Properties file load completed.
[INFO ] 2023-08-01 19:08:46.475 [main] Utilities - FileInputStream closed
[INFO ] 2023-08-01 19:08:46.476 [main] LogIn - enterUsernamePassword method execution started.
[INFO ] 2023-08-01 19:08:46.476 [main] GenericWrappers - enterByXpath arguments received - Xpath : //input[@id='usernameInput'], Value : deshik.s@mxtechies.com.
[INFO ] 2023-08-01 19:08:46.722 [main] GenericWrappers - Entered value deshik.s@mxtechies.com in //input[@id='usernameInput'].
[INFO ] 2023-08-01 19:08:46.722 [main] GenericWrappers - enterByXpath arguments received - Xpath : //input[@id='passwordInput'], Value : Admin@123.
[INFO ] 2023-08-01 19:08:46.857 [main] GenericWrappers - Entered value Admin@123 in //input[@id='passwordInput'].
[INFO ] 2023-08-01 19:08:46.857 [main] LogIn - enterUsernamePassword method execution ended.
[INFO ] 2023-08-01 19:08:46.857 [main] LogIn - showPassword method execution started.
[INFO ] 2023-08-01 19:08:46.857 [main] GenericWrappers - clickByXpath argument received - Xpath : //span[@class='glyphicon glyphicon-eye-close']
[INFO ] 2023-08-01 19:08:46.882 [main] GenericWrappers - waitForElementToBeClickable aruguments received - WebElement : [[ChromeDriver: chrome on WINDOWS (fed378d85b4e65b02ab495981ad29aef)] -> xpath: //span[@class='glyphicon glyphicon-eye-close']], Seconds : 10
[INFO ] 2023-08-01 19:08:46.918 [main] GenericWrappers - Waiting explicitly for element to be clickable.
[INFO ] 2023-08-01 19:08:46.978 [main] GenericWrappers - Clicked //span[@class='glyphicon glyphicon-eye-close'] by xpath.
[INFO ] 2023-08-01 19:08:46.978 [main] LogIn - showPassword method execution ended.
[INFO ] 2023-08-01 19:08:46.978 [main] LogIn - hidePassword method execution started.
[INFO ] 2023-08-01 19:08:46.978 [main] GenericWrappers - clickByXpath argument received - Xpath : //span[@class='glyphicon glyphicon-eye-open']
[INFO ] 2023-08-01 19:08:47.002 [main] GenericWrappers - waitForElementToBeClickable aruguments received - WebElement : [[ChromeDriver: chrome on WINDOWS (fed378d85b4e65b02ab495981ad29aef)] -> xpath: //span[@class='glyphicon glyphicon-eye-open']], Seconds : 10
[INFO ] 2023-08-01 19:08:47.039 [main] GenericWrappers - Waiting explicitly for element to be clickable.
[INFO ] 2023-08-01 19:08:47.078 [main] GenericWrappers - Clicked //span[@class='glyphicon glyphicon-eye-open'] by xpath.
[INFO ] 2023-08-01 19:08:47.078 [main] LogIn - hidePassword method execution ended.
[INFO ] 2023-08-01 19:08:47.078 [main] LogIn - signIn method execution started.
[INFO ] 2023-08-01 19:08:47.078 [main] GenericWrappers - clickByXpath argument received - Xpath : //button[@id='loginButton']
[INFO ] 2023-08-01 19:08:47.095 [main] GenericWrappers - waitForElementToBeClickable aruguments received - WebElement : [[ChromeDriver: chrome on WINDOWS (fed378d85b4e65b02ab495981ad29aef)] -> xpath: //button[@id='loginButton']], Seconds : 10
[INFO ] 2023-08-01 19:08:47.121 [main] GenericWrappers - Waiting explicitly for element to be clickable.
[INFO ] 2023-08-01 19:08:47.166 [main] GenericWrappers - Clicked //button[@id='loginButton'] by xpath.
[INFO ] 2023-08-01 19:08:47.166 [main] LogIn - signIn method execution ended.
[INFO ] 2023-08-01 19:08:47.166 [main] LogIn - verifyLogIn method execution started.
[INFO ] 2023-08-01 19:08:47.166 [main] GenericWrappers - verifyTextByXpath arguments received - XPATH : //span[@class='mx-text mx-name-text3 lay-top__hd'], Expected Text : Dashboard.
[INFO ] 2023-08-01 19:08:53.570 [main] GenericWrappers - Verified expected text Dashboard with actual text [[ChromeDriver: chrome on WINDOWS (fed378d85b4e65b02ab495981ad29aef)] -> xpath: //span[@class='mx-text mx-name-text3 lay-top__hd']].
[INFO ] 2023-08-01 19:08:53.571 [main] LogIn - verifyLogIn method execution ended.
[INFO ] 2023-08-01 19:08:53.571 [main] TC001LogIn - TC001LogIn test case execution ended.
[INFO ] 2023-08-01 19:08:53.573 [main] CustomTestListener - onTestSuccess method overriding started.
[INFO ] 2023-08-01 19:08:53.573 [main] CustomTestListener - Test Name : TC001LogIn	Status : true
[INFO ] 2023-08-01 19:08:53.574 [main] ExcelReportGeneration - Excel report generation started.
[INFO ] 2023-08-01 19:08:53.574 [main] ExcelReportGeneration - Arguments received.
[INFO ] 2023-08-01 19:08:53.574 [main] ExcelReportGeneration - Row Value: TC001LogIn	Test Status: true
[INFO ] 2023-08-01 19:08:53.575 [main] ExcelReportGeneration - Test status: Pass
[INFO ] 2023-08-01 19:08:53.890 [main] ExcelReportGeneration - Getting the file path of the spreadsheet
[INFO ] 2023-08-01 19:08:53.891 [main] ExcelReportGeneration - Getting the sheet name.
[INFO ] 2023-08-01 19:08:53.891 [main] ExcelReportGeneration - Finding cell by value.
[INFO ] 2023-08-01 19:08:53.895 [main] ExcelReportGeneration - Cell found. Returning cell TC001LogIn.
[INFO ] 2023-08-01 19:08:53.895 [main] ExcelReportGeneration - Finding cell by value.
[INFO ] 2023-08-01 19:08:53.900 [main] ExcelReportGeneration - Cell found. Returning cell Test Execution Status.
[INFO ] 2023-08-01 19:08:53.901 [main] ExcelReportGeneration - Finding cell by value.
[INFO ] 2023-08-01 19:08:53.902 [main] ExcelReportGeneration - Cell found. Returning cell Executed Date.
[INFO ] 2023-08-01 19:08:53.907 [main] ExcelReportGeneration - Finding cell by value.
[INFO ] 2023-08-01 19:08:53.908 [main] ExcelReportGeneration - Cell found. Returning cell Comments.
[INFO ] 2023-08-01 19:08:53.909 [main] ExcelReportGeneration - Finding the row and column of Test Case class name and Test Execution Status.
[INFO ] 2023-08-01 19:08:53.921 [main] ExcelReportGeneration - Cell found: Q2
[INFO ] 2023-08-01 19:08:53.922 [main] ExcelReportGeneration - Test Status and Comments updated in the intersecting columns.
[INFO ] 2023-08-01 19:08:54.361 [main] ExcelReportGeneration - Closing FileOutputStream.
[INFO ] 2023-08-01 19:08:54.361 [main] ExcelReportGeneration - Closing Workbook.
[INFO ] 2023-08-01 19:08:54.373 [main] CustomTestListener - onTestSuccess method overriding ended.
[INFO ] 2023-08-01 19:08:54.377 [main] CustomTestListener - CustomTestListener onTestStart method overriding started.
[INFO ] 2023-08-01 19:08:54.377 [main] CustomTestListener - CustomTestListener onTestStart method overriding started.
[INFO ] 2023-08-01 19:08:54.377 [main] TC006RequestCounts - TC006RequestCounts test case execution started.
[INFO ] 2023-08-01 19:08:54.380 [main] Utilities - Properties file load completed.
[INFO ] 2023-08-01 19:08:54.383 [main] Utilities - FileInputStream closed
[INFO ] 2023-08-01 19:08:54.384 [main] RequestCounts -  method execution started.
[INFO ] 2023-08-01 19:08:54.384 [main] RequestCounts - Count of Requests:
[INFO ] 2023-08-01 19:08:54.459 [main] RequestCounts - All : 0
[INFO ] 2023-08-01 19:08:54.523 [main] RequestCounts - Active : 0
[INFO ] 2023-08-01 19:08:54.590 [main] RequestCounts - Draft : 0
[INFO ] 2023-08-01 19:08:54.646 [main] RequestCounts - Closed : 0
[INFO ] 2023-08-01 19:08:54.647 [main] RequestCounts - requestCounts method execution ended.
[INFO ] 2023-08-01 19:08:54.647 [main] TC006RequestCounts - TC006RequestCounts test case execution ended.
[INFO ] 2023-08-01 19:08:54.648 [main] CustomTestListener - onTestSuccess method overriding started.
[INFO ] 2023-08-01 19:08:54.648 [main] CustomTestListener - Test Name : TC006RequestCounts	Status : true
[INFO ] 2023-08-01 19:08:54.649 [main] ExcelReportGeneration - Excel report generation started.
[INFO ] 2023-08-01 19:08:54.649 [main] ExcelReportGeneration - Arguments received.
[INFO ] 2023-08-01 19:08:54.650 [main] ExcelReportGeneration - Row Value: TC006RequestCounts	Test Status: true
[INFO ] 2023-08-01 19:08:54.650 [main] ExcelReportGeneration - Test status: Pass
[INFO ] 2023-08-01 19:08:54.819 [main] ExcelReportGeneration - Getting the file path of the spreadsheet
[INFO ] 2023-08-01 19:08:54.820 [main] ExcelReportGeneration - Getting the sheet name.
[INFO ] 2023-08-01 19:08:54.820 [main] ExcelReportGeneration - Finding cell by value.
[INFO ] 2023-08-01 19:08:54.822 [main] ExcelReportGeneration - Cell found. Returning cell TC006RequestCounts.
[INFO ] 2023-08-01 19:08:54.823 [main] ExcelReportGeneration - Finding cell by value.
[INFO ] 2023-08-01 19:08:54.826 [main] ExcelReportGeneration - Cell found. Returning cell Test Execution Status.
[INFO ] 2023-08-01 19:08:54.826 [main] ExcelReportGeneration - Finding cell by value.
[INFO ] 2023-08-01 19:08:54.826 [main] ExcelReportGeneration - Cell found. Returning cell Executed Date.
[INFO ] 2023-08-01 19:08:54.826 [main] ExcelReportGeneration - Finding cell by value.
[INFO ] 2023-08-01 19:08:54.827 [main] ExcelReportGeneration - Cell found. Returning cell Comments.
[INFO ] 2023-08-01 19:08:54.827 [main] ExcelReportGeneration - Finding the row and column of Test Case class name and Test Execution Status.
[INFO ] 2023-08-01 19:08:54.828 [main] ExcelReportGeneration - Cell found: Q6
[INFO ] 2023-08-01 19:08:54.828 [main] ExcelReportGeneration - Test Status and Comments updated in the intersecting columns.
[INFO ] 2023-08-01 19:08:54.987 [main] ExcelReportGeneration - Closing FileOutputStream.
[INFO ] 2023-08-01 19:08:54.987 [main] ExcelReportGeneration - Closing Workbook.
[INFO ] 2023-08-01 19:08:54.987 [main] CustomTestListener - onTestSuccess method overriding ended.
[INFO ] 2023-08-01 19:08:54.990 [main] CustomTestListener - CustomTestListener onTestStart method overriding started.
[INFO ] 2023-08-01 19:08:54.990 [main] CustomTestListener - CustomTestListener onTestStart method overriding started.
[INFO ] 2023-08-01 19:08:54.991 [main] TC002LogOut - TC002LogOut test case execution started.
[INFO ] 2023-08-01 19:08:54.992 [main] Utilities - Properties file load completed.
[INFO ] 2023-08-01 19:08:54.992 [main] Utilities - FileInputStream closed
[INFO ] 2023-08-01 19:08:54.992 [main] LogOut - logOut method execution started.
[INFO ] 2023-08-01 19:08:54.992 [main] GenericWrappers - clickByXpath argument received - Xpath : //button[@class='btn mx-button mx-name-actionButton1 btn-signout btn-default']//img
[INFO ] 2023-08-01 19:08:55.169 [main] GenericWrappers - waitForElementToBeClickable aruguments received - WebElement : [[ChromeDriver: chrome on WINDOWS (fed378d85b4e65b02ab495981ad29aef)] -> xpath: //button[@class='btn mx-button mx-name-actionButton1 btn-signout btn-default']//img], Seconds : 10
[INFO ] 2023-08-01 19:08:55.222 [main] GenericWrappers - Waiting explicitly for element to be clickable.
[INFO ] 2023-08-01 19:08:55.356 [main] GenericWrappers - Clicked //button[@class='btn mx-button mx-name-actionButton1 btn-signout btn-default']//img by xpath.
[INFO ] 2023-08-01 19:08:55.357 [main] Utilities - Thread sleep initiated for 1s.
[INFO ] 2023-08-01 19:08:56.370 [main] GenericWrappers - clickByXpath argument received - Xpath : //button[@class='btn btn-primary']
[INFO ] 2023-08-01 19:08:56.390 [main] GenericWrappers - waitForElementToBeClickable aruguments received - WebElement : [[ChromeDriver: chrome on WINDOWS (fed378d85b4e65b02ab495981ad29aef)] -> xpath: //button[@class='btn btn-primary']], Seconds : 10
[INFO ] 2023-08-01 19:08:56.423 [main] GenericWrappers - Waiting explicitly for element to be clickable.
[INFO ] 2023-08-01 19:08:56.475 [main] GenericWrappers - Clicked //button[@class='btn btn-primary'] by xpath.
[INFO ] 2023-08-01 19:08:56.475 [main] GenericWrappers - Accepted mendix alert
[INFO ] 2023-08-01 19:08:56.476 [main] LogOut - logOut method execution ended.
[INFO ] 2023-08-01 19:08:56.476 [main] TC002LogOut - TC002LogOut test case execution ended.
[INFO ] 2023-08-01 19:08:56.476 [main] CustomTestListener - onTestSuccess method overriding started.
[INFO ] 2023-08-01 19:08:56.476 [main] CustomTestListener - Test Name : TC002LogOut	Status : true
[INFO ] 2023-08-01 19:08:56.476 [main] ExcelReportGeneration - Excel report generation started.
[INFO ] 2023-08-01 19:08:56.477 [main] ExcelReportGeneration - Arguments received.
[INFO ] 2023-08-01 19:08:56.477 [main] ExcelReportGeneration - Row Value: TC002LogOut	Test Status: true
[INFO ] 2023-08-01 19:08:56.477 [main] ExcelReportGeneration - Test status: Pass
[INFO ] 2023-08-01 19:08:57.265 [main] ExcelReportGeneration - Getting the file path of the spreadsheet
[INFO ] 2023-08-01 19:08:57.265 [main] ExcelReportGeneration - Getting the sheet name.
[INFO ] 2023-08-01 19:08:57.265 [main] ExcelReportGeneration - Finding cell by value.
[INFO ] 2023-08-01 19:08:57.591 [main] ExcelReportGeneration - Cell found. Returning cell TC002LogOut.
[INFO ] 2023-08-01 19:08:57.592 [main] ExcelReportGeneration - Finding cell by value.
[INFO ] 2023-08-01 19:08:57.598 [main] ExcelReportGeneration - Cell found. Returning cell Test Execution Status.
[INFO ] 2023-08-01 19:08:57.598 [main] ExcelReportGeneration - Finding cell by value.
[INFO ] 2023-08-01 19:08:57.600 [main] ExcelReportGeneration - Cell found. Returning cell Executed Date.
[INFO ] 2023-08-01 19:08:57.601 [main] ExcelReportGeneration - Finding cell by value.
[INFO ] 2023-08-01 19:08:57.949 [main] ExcelReportGeneration - Cell found. Returning cell Comments.
[INFO ] 2023-08-01 19:08:57.950 [main] ExcelReportGeneration - Finding the row and column of Test Case class name and Test Execution Status.
[INFO ] 2023-08-01 19:08:57.954 [main] ExcelReportGeneration - Cell found: Q7
[INFO ] 2023-08-01 19:08:57.955 [main] ExcelReportGeneration - Test Status and Comments updated in the intersecting columns.
[INFO ] 2023-08-01 19:08:58.454 [main] ExcelReportGeneration - Closing FileOutputStream.
[INFO ] 2023-08-01 19:08:58.454 [main] ExcelReportGeneration - Closing Workbook.
[INFO ] 2023-08-01 19:08:58.455 [main] CustomTestListener - onTestSuccess method overriding ended.
[INFO ] 2023-08-01 19:08:58.456 [main] CustomTestListener - CustomTestListener onFinish method overriding started.
[INFO ] 2023-08-01 19:08:58.539 [main] CustomTestListener - CustomTestListener onFinish method overriding ended.
[INFO ] 2023-08-01 19:08:58.555 [main] Utilities - Thread sleep initiated for 2s.
[INFO ] 2023-08-01 19:09:00.766 [main] GenericWrappers - Closing browser.
[INFO ] 2023-08-01 19:09:00.766 [main] GenericWrappers - Test Suite execution ended.
[INFO ] 2023-08-01 19:09:00.766 [main] CustomReportListener - CustomReportListener execution started.
[INFO ] 2023-08-01 19:09:00.766 [main] CustomReportListener - Overriding generateReport method.
[INFO ] 2023-08-01 19:09:00.780 [main] CustomReportListener - Forcing system to generate reports before the complete execution ends.
[INFO ] 2023-08-01 19:09:00.785 [main] Utilities - Properties file load completed.
[INFO ] 2023-08-01 19:09:00.786 [main] Utilities - FileInputStream closed
[INFO ] 2023-08-01 19:09:00.786 [main] CustomReportListener - calling method to send email.
[INFO ] 2023-08-01 19:09:00.786 [main] SendEmail - Entering sendEmail() method
[INFO ] 2023-08-01 19:09:00.786 [main] SendEmail - Automated Email feature is turned off.
[INFO ] 2023-08-01 19:09:00.786 [main] SendEmail - sendEmail() method ended.
